android/umallsdk/build/intermediates/manifest_merge_blame_file/debug/manifest-merger-blame-debug-report.txt
1<?xml version="1.0" encoding="utf-8"?>
2<manifest xmlns:android="http://schemas.android.com/apk/res/android"
3    package="com.umeng" >
4
5    <uses-sdk
6        android:minSdkVersion="14"
6-->src/main/AndroidManifest.xml
7        android:targetSdkVersion="30" />
7-->src/main/AndroidManifest.xml
8
9    <!-- 以下为需要的基本权限，需要自行添加至您的AndroidManifest文件中 start -->
10    <uses-permission android:name="android.permission.INTERNET" />
10-->src/main/AndroidManifest.xml:6:5-67
10-->src/main/AndroidManifest.xml:6:22-64
11    <uses-permission android:name="android.permission.ACCESS_NETWORK_STATE" />
11-->src/main/AndroidManifest.xml:7:5-79
11-->src/main/AndroidManifest.xml:7:22-76
12    <uses-permission android:name="android.permission.ACCESS_WIFI_STATE" />
12-->src/main/AndroidManifest.xml:8:5-76
12-->src/main/AndroidManifest.xml:8:22-73
13    <uses-permission android:name="android.permission.WRITE_EXTERNAL_STORAGE" />
13-->src/main/AndroidManifest.xml:9:5-81
13-->src/main/AndroidManifest.xml:9:22-78
14    <uses-permission android:name="android.permission.WAKE_LOCK" />
14-->src/main/AndroidManifest.xml:10:5-68
14-->src/main/AndroidManifest.xml:10:22-65
15    <uses-permission android:name="android.permission.READ_PHONE_STATE" />
15-->src/main/AndroidManifest.xml:11:5-75
15-->src/main/AndroidManifest.xml:11:22-72
16    <uses-permission android:name="android.permission.BROADCAST_PACKAGE_ADDED" />
16-->src/main/AndroidManifest.xml:12:5-82
16-->src/main/AndroidManifest.xml:12:22-79
17    <uses-permission android:name="android.permission.BROADCAST_PACKAGE_CHANGED" />
17-->src/main/AndroidManifest.xml:13:5-84
17-->src/main/AndroidManifest.xml:13:22-81
18    <uses-permission android:name="android.permission.BROADCAST_PACKAGE_INSTALL" />
18-->src/main/AndroidManifest.xml:14:5-84
18-->src/main/AndroidManifest.xml:14:22-81
19    <uses-permission android:name="android.permission.BROADCAST_PACKAGE_REPLACED" />
19-->src/main/AndroidManifest.xml:15:5-85
19-->src/main/AndroidManifest.xml:15:22-82
20    <uses-permission android:name="android.permission.GET_TASKS" />
20-->src/main/AndroidManifest.xml:16:5-68
20-->src/main/AndroidManifest.xml:16:22-65
21    <uses-permission android:name="android.permission.RECEIVE_BOOT_COMPLETED" />
21-->src/main/AndroidManifest.xml:17:5-81
21-->src/main/AndroidManifest.xml:17:22-78
22    <!-- 以下为需要的基本权限，需要自行添加至您的AndroidManifest文件中 end -->
23    <application
23-->src/main/AndroidManifest.xml:20:5-26:19
24        android:networkSecurityConfig="@xml/network_security_config"
24-->src/main/AndroidManifest.xml:21:9-69
25        android:usesCleartextTraffic="true" >
25-->src/main/AndroidManifest.xml:22:9-44
26
27        <!-- 以下为基本配置信息，需要自行添加至您的AndroidManifest文件中 start -->
28
29
30        <!-- 以下为基本配置信息，需要自行添加至您的AndroidManifest文件中 end -->
31    </application>
32
33</manifest>